Started GET "/" for ::1 at 2019-11-25 12:49:11 +1000
  
ActiveRecord::NoDatabaseError (FATAL:  database "unrply_development" does not exist
):
  
activerecord (5.2.3) lib/active_record/connection_adapters/postgresql_adapter.rb:696:in `rescue in connect'
activerecord (5.2.3) lib/active_record/connection_adapters/postgresql_adapter.rb:691:in `connect'
activerecord (5.2.3) lib/active_record/connection_adapters/postgresql_adapter.rb:223:in `initialize'
activerecord (5.2.3) lib/active_record/connection_adapters/postgresql_adapter.rb:48:in `new'
activerecord (5.2.3) lib/active_record/connection_adapters/postgresql_adapter.rb:48:in `postgresql_connection'
activerecord (5.2.3) lib/active_record/connection_adapters/abstract/connection_pool.rb:811:in `new_connection'
activerecord (5.2.3) lib/active_record/connection_adapters/abstract/connection_pool.rb:855:in `checkout_new_connection'
activerecord (5.2.3) lib/active_record/connection_adapters/abstract/connection_pool.rb:834:in `try_to_checkout_new_connection'
activerecord (5.2.3) lib/active_record/connection_adapters/abstract/connection_pool.rb:795:in `acquire_connection'
activerecord (5.2.3) lib/active_record/connection_adapters/abstract/connection_pool.rb:523:in `checkout'
activerecord (5.2.3) lib/active_record/connection_adapters/abstract/connection_pool.rb:382:in `connection'
activerecord (5.2.3) lib/active_record/connection_adapters/abstract/connection_pool.rb:1014:in `retrieve_connection'
activerecord (5.2.3) lib/active_record/connection_handling.rb:118:in `retrieve_connection'
activerecord (5.2.3) lib/active_record/connection_handling.rb:90:in `connection'
activerecord (5.2.3) lib/active_record/migration.rb:554:in `call'
actionpack (5.2.3) lib/action_dispatch/middleware/callbacks.rb:28:in `block in call'
activesupport (5.2.3) lib/active_support/callbacks.rb:98:in `run_callbacks'
actionpack (5.2.3) lib/action_dispatch/middleware/callbacks.rb:26:in `call'
actionpack (5.2.3) lib/action_dispatch/middleware/executor.rb:14:in `call'
actionpack (5.2.3) lib/action_dispatch/middleware/debug_exceptions.rb:61:in `call'
web-console (3.7.0) lib/web_console/middleware.rb:135:in `call_app'
web-console (3.7.0) lib/web_console/middleware.rb:30:in `block in call'
web-console (3.7.0) lib/web_console/middleware.rb:20:in `catch'
web-console (3.7.0) lib/web_console/middleware.rb:20:in `call'
actionpack (5.2.3) lib/action_dispatch/middleware/show_exceptions.rb:33:in `call'
railties (5.2.3) lib/rails/rack/logger.rb:38:in `call_app'
railties (5.2.3) lib/rails/rack/logger.rb:26:in `block in call'
activesupport (5.2.3) lib/active_support/tagged_logging.rb:71:in `block in tagged'
activesupport (5.2.3) lib/active_support/tagged_logging.rb:28:in `tagged'
activesupport (5.2.3) lib/active_support/tagged_logging.rb:71:in `tagged'
railties (5.2.3) lib/rails/rack/logger.rb:26:in `call'
sprockets-rails (3.2.1) lib/sprockets/rails/quiet_assets.rb:13:in `call'
actionpack (5.2.3) lib/action_dispatch/middleware/remote_ip.rb:81:in `call'
actionpack (5.2.3) lib/action_dispatch/middleware/request_id.rb:27:in `call'
rack (2.0.7) lib/rack/method_override.rb:22:in `call'
rack (2.0.7) lib/rack/runtime.rb:22:in `call'
activesupport (5.2.3) lib/active_support/cache/strategy/local_cache_middleware.rb:29:in `call'
actionpack (5.2.3) lib/action_dispatch/middleware/executor.rb:14:in `call'
actionpack (5.2.3) lib/action_dispatch/middleware/static.rb:127:in `call'
rack (2.0.7) lib/rack/sendfile.rb:111:in `call'
webpacker (4.2.0) lib/webpacker/dev_server_proxy.rb:23:in `perform_request'
rack-proxy (0.6.5) lib/rack/proxy.rb:57:in `call'
railties (5.2.3) lib/rails/engine.rb:524:in `call'
puma (3.12.1) lib/puma/configuration.rb:227:in `call'
puma (3.12.1) lib/puma/server.rb:660:in `handle_request'
puma (3.12.1) lib/puma/server.rb:474:in `process_client'
puma (3.12.1) lib/puma/server.rb:334:in `block in run'
puma (3.12.1) lib/puma/thread_pool.rb:135:in `block in spawn_thread'
  [1m[35m (497.1ms)[0m  [1m[35mCREATE DATABASE "unrply_development" ENCODING = 'unicode'[0m
  ↳ bin/rails:9
  [1m[35m (322.5ms)[0m  [1m[35mCREATE DATABASE "unrply_test" ENCODING = 'unicode'[0m
  ↳ bin/rails:9
Started GET "/" for ::1 at 2019-11-25 12:50:21 +1000
Processing by PagesController#test as HTML
  Rendering pages/test.html.erb within layouts/application
  Rendered pages/test.html.erb within layouts/application (0.6ms)
[Webpacker] Compiling...
[Webpacker] Compiled all packs in /Users/nicjj/Programming/Rails/unrply/public/packs
[Webpacker] Running via Spring preloader in process 2006

[Webpacker] Hash: e814bd740d7ddc10362d
Version: webpack 4.41.2
Time: 3408ms
Built at: 25/11/2019 12:50:26 pm
                                          Asset       Size            Chunks                         Chunk Names
         js/application-cbf71f471c96cad154b0.js   1.34 MiB       application  [emitted] [immutable]  application
     js/application-cbf71f471c96cad154b0.js.map   1.54 MiB       application  [emitted] [dev]        application
    js/server_rendering-521a754527b87d609ced.js   1.32 MiB  server_rendering  [emitted] [immutable]  server_rendering
js/server_rendering-521a754527b87d609ced.js.map   1.52 MiB  server_rendering  [emitted] [dev]        server_rendering
                                  manifest.json  738 bytes                    [emitted]              
Entrypoint application = js/application-cbf71f471c96cad154b0.js js/application-cbf71f471c96cad154b0.js.map
Entrypoint server_rendering = js/server_rendering-521a754527b87d609ced.js js/server_rendering-521a754527b87d609ced.js.map
[./app/javascript/components sync recursive ^\.\/.*$] ./app/javascript/components sync ^\.\/.*$ 185 bytes {application} {server_rendering} [built]
[./app/javascript/packs/application.js] 1.08 KiB {application} [built]
[./app/javascript/packs/server_rendering.js] 301 bytes {server_rendering} [built]
[./app/javascript/routes.js.erb] 21.3 KiB {application} [built]
    + 24 hidden modules

Completed 200 OK in 5829ms (Views: 5824.9ms | ActiveRecord: 0.0ms)


  [1m[35m (20.6ms)[0m  [1m[35mCREATE TABLE "schema_migrations" ("version" character varying NOT NULL PRIMARY KEY)[0m
  ↳ bin/rails:9
  [1m[35m (4.5ms)[0m  [1m[35mCREATE TABLE "ar_internal_metadata" ("key" character varying NOT NULL PRIMARY KEY, "value" character varying, "created_at" timestamp NOT NULL, "updated_at" timestamp NOT NULL)[0m
  ↳ bin/rails:9
  [1m[35m (0.2ms)[0m  [1m[34mSELECT pg_try_advisory_lock(3036821713197963075)[0m
  ↳ bin/rails:9
  [1m[35m (0.7ms)[0m  [1m[34mSELECT "schema_migrations"."version" FROM "schema_migrations" ORDER BY "schema_migrations"."version" ASC[0m
  ↳ bin/rails:9
Migrating to DeviseCreateUsers (20191127063208)
  [1m[35m (0.3ms)[0m  [1m[35mBEGIN[0m
  ↳ bin/rails:9
  [1m[35m (5.6ms)[0m  [1m[35mCREATE TABLE "users" ("id" bigserial primary key, "email" character varying DEFAULT '' NOT NULL, "encrypted_password" character varying DEFAULT '' NOT NULL, "reset_password_token" character varying, "reset_password_sent_at" timestamp, "remember_created_at" timestamp, "created_at" timestamp NOT NULL, "updated_at" timestamp NOT NULL)[0m
  ↳ db/migrate/20191127063208_devise_create_users.rb:5
  [1m[35m (0.5ms)[0m  [1m[35mCREATE UNIQUE INDEX  "index_users_on_email" ON "users"  ("email")[0m
  ↳ db/migrate/20191127063208_devise_create_users.rb:39
  [1m[35m (0.5ms)[0m  [1m[35mCREATE UNIQUE INDEX  "index_users_on_reset_password_token" ON "users"  ("reset_password_token")[0m
  ↳ db/migrate/20191127063208_devise_create_users.rb:40
  [1m[36mActiveRecord::SchemaMigration Create (0.3ms)[0m  [1m[32mINSERT INTO "schema_migrations" ("version") VALUES ($1) RETURNING "version"[0m  [["version", "20191127063208"]]
  ↳ bin/rails:9
  [1m[35m (0.2ms)[0m  [1m[35mCOMMIT[0m
  ↳ bin/rails:9
  [1m[36mActiveRecord::InternalMetadata Load (0.5ms)[0m  [1m[34mSELECT  "ar_internal_metadata".* FROM "ar_internal_metadata" WHERE "ar_internal_metadata"."key" = $1 LIMIT $2[0m  [["key", "environment"], ["LIMIT", 1]]
  ↳ bin/rails:9
  [1m[35m (0.1ms)[0m  [1m[35mBEGIN[0m
  ↳ bin/rails:9
  [1m[36mActiveRecord::InternalMetadata Create (0.6ms)[0m  [1m[32mINSERT INTO "ar_internal_metadata" ("key", "value", "created_at", "updated_at") VALUES ($1, $2, $3, $4) RETURNING "key"[0m  [["key", "environment"], ["value", "development"], ["created_at", "2019-11-27 06:32:17.627864"], ["updated_at", "2019-11-27 06:32:17.627864"]]
  ↳ bin/rails:9
  [1m[35m (0.2ms)[0m  [1m[35mCOMMIT[0m
  ↳ bin/rails:9
  [1m[35m (0.2ms)[0m  [1m[34mSELECT pg_advisory_unlock(3036821713197963075)[0m
  ↳ bin/rails:9
  [1m[35m (0.4ms)[0m  [1m[34mSELECT "schema_migrations"."version" FROM "schema_migrations" ORDER BY "schema_migrations"."version" ASC[0m
  ↳ bin/rails:9
  [1m[35m (0.5ms)[0m  [1m[34mSELECT "schema_migrations"."version" FROM "schema_migrations" ORDER BY "schema_migrations"."version" ASC[0m
  ↳ bin/rails:9
  [1m[35m (0.3ms)[0m  [1m[34mSELECT "ar_internal_metadata"."value" FROM "ar_internal_metadata" WHERE "ar_internal_metadata"."key" = $1[0m  [["key", "environment"]]
  ↳ bin/rails:9
  [1m[35m (0.2ms)[0m  [1m[34mSELECT "schema_migrations"."version" FROM "schema_migrations" ORDER BY "schema_migrations"."version" ASC[0m
  ↳ bin/rails:9
  [1m[35m (0.2ms)[0m  [1m[34mSELECT "ar_internal_metadata"."value" FROM "ar_internal_metadata" WHERE "ar_internal_metadata"."key" = $1[0m  [["key", "environment"]]
  ↳ bin/rails:9
  [1m[35m (0.2ms)[0m  [1m[34mSELECT "schema_migrations"."version" FROM "schema_migrations" ORDER BY "schema_migrations"."version" ASC[0m
  ↳ bin/rails:9
  [1m[35m (0.2ms)[0m  [1m[34mSELECT "ar_internal_metadata"."value" FROM "ar_internal_metadata" WHERE "ar_internal_metadata"."key" = $1[0m  [["key", "environment"]]
  ↳ bin/rails:9
  [1m[35m (208.7ms)[0m  [1m[35mDROP DATABASE IF EXISTS "unrply_development"[0m
  ↳ bin/rails:9
  [1m[35m (210.5ms)[0m  [1m[35mDROP DATABASE IF EXISTS "unrply_test"[0m
  ↳ bin/rails:9
  [1m[35m (449.1ms)[0m  [1m[35mCREATE DATABASE "unrply_development" ENCODING = 'unicode'[0m
  ↳ bin/rails:9
  [1m[35m (402.3ms)[0m  [1m[35mCREATE DATABASE "unrply_test" ENCODING = 'unicode'[0m
  ↳ bin/rails:9
  [1m[35m (3.6ms)[0m  [1m[35mCREATE TABLE "schema_migrations" ("version" character varying NOT NULL PRIMARY KEY)[0m
  ↳ bin/rails:9
  [1m[35m (2.3ms)[0m  [1m[35mCREATE TABLE "ar_internal_metadata" ("key" character varying NOT NULL PRIMARY KEY, "value" character varying, "created_at" timestamp NOT NULL, "updated_at" timestamp NOT NULL)[0m
  ↳ bin/rails:9
  [1m[35m (0.2ms)[0m  [1m[34mSELECT pg_try_advisory_lock(3036821713197963075)[0m
  ↳ bin/rails:9
  [1m[35m (0.4ms)[0m  [1m[34mSELECT "schema_migrations"."version" FROM "schema_migrations" ORDER BY "schema_migrations"."version" ASC[0m
  ↳ bin/rails:9
Migrating to DeviseCreateUsers (20191127063208)
  [1m[35m (0.3ms)[0m  [1m[35mBEGIN[0m
  ↳ bin/rails:9
  [1m[35m (2.8ms)[0m  [1m[35mCREATE TABLE "users" ("id" bigserial primary key, "email" character varying DEFAULT '' NOT NULL, "encrypted_password" character varying DEFAULT '' NOT NULL, "reset_password_token" character varying, "reset_password_sent_at" timestamp, "remember_created_at" timestamp, "created_at" timestamp NOT NULL, "updated_at" timestamp NOT NULL)[0m
  ↳ db/migrate/20191127063208_devise_create_users.rb:5
  [1m[35m (0.8ms)[0m  [1m[35mCREATE UNIQUE INDEX  "index_users_on_email" ON "users"  ("email")[0m
  ↳ db/migrate/20191127063208_devise_create_users.rb:39
  [1m[35m (0.6ms)[0m  [1m[35mCREATE UNIQUE INDEX  "index_users_on_reset_password_token" ON "users"  ("reset_password_token")[0m
  ↳ db/migrate/20191127063208_devise_create_users.rb:40
  [1m[36mActiveRecord::SchemaMigration Create (0.3ms)[0m  [1m[32mINSERT INTO "schema_migrations" ("version") VALUES ($1) RETURNING "version"[0m  [["version", "20191127063208"]]
  ↳ bin/rails:9
  [1m[35m (0.3ms)[0m  [1m[35mCOMMIT[0m
  ↳ bin/rails:9
Migrating to CreateRooms (20191127064248)
  [1m[35m (0.2ms)[0m  [1m[35mBEGIN[0m
  ↳ bin/rails:9
  [1m[35m (7.7ms)[0m  [1m[35mCREATE TABLE "rooms" ("id" bigserial primary key, "owner_id" bigint, "access_code" character varying, "created_at" timestamp NOT NULL, "updated_at" timestamp NOT NULL, CONSTRAINT "fk_rails_0704b8e2d2"
FOREIGN KEY ("owner_id")
  REFERENCES "user" ("id")
)[0m
  ↳ db/migrate/20191127064248_create_rooms.rb:3
  [1m[35m (0.2ms)[0m  [1m[31mROLLBACK[0m
  ↳ bin/rails:9
  [1m[35m (0.3ms)[0m  [1m[34mSELECT pg_advisory_unlock(3036821713197963075)[0m
  ↳ bin/rails:9
  [1m[35m (0.2ms)[0m  [1m[34mSELECT pg_try_advisory_lock(3036821713197963075)[0m
  ↳ bin/rails:9
  [1m[35m (0.5ms)[0m  [1m[34mSELECT "schema_migrations"."version" FROM "schema_migrations" ORDER BY "schema_migrations"."version" ASC[0m
  ↳ bin/rails:9
Migrating to CreateRooms (20191127064248)
  [1m[35m (0.1ms)[0m  [1m[35mBEGIN[0m
  ↳ bin/rails:9
  [1m[35m (10.6ms)[0m  [1m[35mCREATE TABLE "rooms" ("id" bigserial primary key, "owner_id" bigint, "access_code" character varying, "created_at" timestamp NOT NULL, "updated_at" timestamp NOT NULL, CONSTRAINT "fk_rails_0704b8e2d2"
FOREIGN KEY ("owner_id")
  REFERENCES "user" ("id")
)[0m
  ↳ db/migrate/20191127064248_create_rooms.rb:3
  [1m[35m (0.1ms)[0m  [1m[31mROLLBACK[0m
  ↳ bin/rails:9
  [1m[35m (0.2ms)[0m  [1m[34mSELECT pg_advisory_unlock(3036821713197963075)[0m
  ↳ bin/rails:9
  [1m[35m (0.1ms)[0m  [1m[34mSELECT pg_try_advisory_lock(3036821713197963075)[0m
  ↳ bin/rails:9
  [1m[35m (0.8ms)[0m  [1m[34mSELECT "schema_migrations"."version" FROM "schema_migrations" ORDER BY "schema_migrations"."version" ASC[0m
  ↳ bin/rails:9
Migrating to CreateRooms (20191127064248)
  [1m[35m (0.3ms)[0m  [1m[35mBEGIN[0m
  ↳ bin/rails:9
  [1m[35m (13.1ms)[0m  [1m[35mCREATE TABLE "rooms" ("id" bigserial primary key, "owner_id" bigint, "access_code" character varying, "created_at" timestamp NOT NULL, "updated_at" timestamp NOT NULL, CONSTRAINT "fk_rails_0704b8e2d2"
FOREIGN KEY ("owner_id")
  REFERENCES "users" ("id")
)[0m
  ↳ db/migrate/20191127064248_create_rooms.rb:3
  [1m[35m (0.5ms)[0m  [1m[35mCREATE  INDEX  "index_rooms_on_owner_id" ON "rooms"  ("owner_id")[0m
  ↳ db/migrate/20191127064248_create_rooms.rb:3
  [1m[36mActiveRecord::SchemaMigration Create (0.4ms)[0m  [1m[32mINSERT INTO "schema_migrations" ("version") VALUES ($1) RETURNING "version"[0m  [["version", "20191127064248"]]
  ↳ bin/rails:9
  [1m[35m (0.3ms)[0m  [1m[35mCOMMIT[0m
  ↳ bin/rails:9
Migrating to CreateMessages (20191127064642)
  [1m[35m (0.2ms)[0m  [1m[35mBEGIN[0m
  ↳ bin/rails:9
  [1m[35m (4.9ms)[0m  [1m[35mCREATE TABLE "messages" ("id" bigserial primary key, "content" character varying, "user_id" bigint, "room_id" bigint, "created_at" timestamp NOT NULL, "updated_at" timestamp NOT NULL, CONSTRAINT "fk_rails_273a25a7a6"
FOREIGN KEY ("user_id")
  REFERENCES "users" ("id")
, CONSTRAINT "fk_rails_a8db0fb63a"
FOREIGN KEY ("room_id")
  REFERENCES "rooms" ("id")
)[0m
  ↳ db/migrate/20191127064642_create_messages.rb:3
  [1m[35m (0.6ms)[0m  [1m[35mCREATE  INDEX  "index_messages_on_user_id" ON "messages"  ("user_id")[0m
  ↳ db/migrate/20191127064642_create_messages.rb:3
  [1m[35m (0.6ms)[0m  [1m[35mCREATE  INDEX  "index_messages_on_room_id" ON "messages"  ("room_id")[0m
  ↳ db/migrate/20191127064642_create_messages.rb:3
  [1m[36mActiveRecord::SchemaMigration Create (0.2ms)[0m  [1m[32mINSERT INTO "schema_migrations" ("version") VALUES ($1) RETURNING "version"[0m  [["version", "20191127064642"]]
  ↳ bin/rails:9
  [1m[35m (0.3ms)[0m  [1m[35mCOMMIT[0m
  ↳ bin/rails:9
Migrating to CreateJoinTableRoomsUser (20191127065144)
  [1m[35m (0.2ms)[0m  [1m[35mBEGIN[0m
  ↳ bin/rails:9
  [1m[35m (0.9ms)[0m  [1m[35mCREATE TABLE "rooms_users" ("room_id" bigint, "user_id" bigint, CONSTRAINT "fk_rails_928f918d2e"
FOREIGN KEY ("room_id")
  REFERENCES "rooms" ("id")
, CONSTRAINT "fk_rails_019df0d3f1"
FOREIGN KEY ("user_id")
  REFERENCES "users" ("id")
)[0m
  ↳ db/migrate/20191127065144_create_join_table_rooms_user.rb:3
  [1m[35m (2.2ms)[0m  [1m[35mCREATE  INDEX  "index_rooms_users_on_room_id" ON "rooms_users"  ("room_id")[0m
  ↳ db/migrate/20191127065144_create_join_table_rooms_user.rb:3
  [1m[35m (0.5ms)[0m  [1m[35mCREATE  INDEX  "index_rooms_users_on_user_id" ON "rooms_users"  ("user_id")[0m
  ↳ db/migrate/20191127065144_create_join_table_rooms_user.rb:3
  [1m[36mActiveRecord::SchemaMigration Create (0.2ms)[0m  [1m[32mINSERT INTO "schema_migrations" ("version") VALUES ($1) RETURNING "version"[0m  [["version", "20191127065144"]]
  ↳ bin/rails:9
  [1m[35m (0.3ms)[0m  [1m[35mCOMMIT[0m
  ↳ bin/rails:9
Migrating to CreateCustomEmojis (20191127065438)
  [1m[35m (0.2ms)[0m  [1m[35mBEGIN[0m
  ↳ bin/rails:9
  [1m[35m (5.1ms)[0m  [1m[35mCREATE TABLE "custom_emojis" ("id" bigserial primary key, "room_id" bigint, "code" character varying, "created_at" timestamp NOT NULL, "updated_at" timestamp NOT NULL, CONSTRAINT "fk_rails_ab5068fbe8"
FOREIGN KEY ("room_id")
  REFERENCES "rooms" ("id")
)[0m
  ↳ db/migrate/20191127065438_create_custom_emojis.rb:3
  [1m[35m (0.9ms)[0m  [1m[35mCREATE  INDEX  "index_custom_emojis_on_room_id" ON "custom_emojis"  ("room_id")[0m
  ↳ db/migrate/20191127065438_create_custom_emojis.rb:3
  [1m[36mActiveRecord::SchemaMigration Create (0.3ms)[0m  [1m[32mINSERT INTO "schema_migrations" ("version") VALUES ($1) RETURNING "version"[0m  [["version", "20191127065438"]]
  ↳ bin/rails:9
  [1m[35m (0.3ms)[0m  [1m[35mCOMMIT[0m
  ↳ bin/rails:9
Migrating to CreateCategories (20191127065456)
  [1m[35m (0.3ms)[0m  [1m[35mBEGIN[0m
  ↳ bin/rails:9
  [1m[35m (4.7ms)[0m  [1m[35mCREATE TABLE "categories" ("id" bigserial primary key, "name" character varying, "created_at" timestamp NOT NULL, "updated_at" timestamp NOT NULL)[0m
  ↳ db/migrate/20191127065456_create_categories.rb:3
  [1m[36mActiveRecord::SchemaMigration Create (0.5ms)[0m  [1m[32mINSERT INTO "schema_migrations" ("version") VALUES ($1) RETURNING "version"[0m  [["version", "20191127065456"]]
  ↳ bin/rails:9
  [1m[35m (0.4ms)[0m  [1m[35mCOMMIT[0m
  ↳ bin/rails:9
Migrating to CreateJoinTableCategoriesCustomEmoji (20191127065622)
  [1m[35m (0.3ms)[0m  [1m[35mBEGIN[0m
  ↳ bin/rails:9
  [1m[35m (1.0ms)[0m  [1m[35mCREATE TABLE "categories_custom_emojis" ("category_id" bigint, "custom_emoji_id" bigint, CONSTRAINT "fk_rails_888a84104e"
FOREIGN KEY ("category_id")
  REFERENCES "categories" ("id")
, CONSTRAINT "fk_rails_a48a340197"
FOREIGN KEY ("custom_emoji_id")
  REFERENCES "custom_emojis" ("id")
)[0m
  ↳ db/migrate/20191127065622_create_join_table_categories_custom_emoji.rb:3
  [1m[35m (0.7ms)[0m  [1m[35mCREATE  INDEX  "index_categories_custom_emojis_on_category_id" ON "categories_custom_emojis"  ("category_id")[0m
  ↳ db/migrate/20191127065622_create_join_table_categories_custom_emoji.rb:3
  [1m[35m (0.5ms)[0m  [1m[35mCREATE  INDEX  "index_categories_custom_emojis_on_custom_emoji_id" ON "categories_custom_emojis"  ("custom_emoji_id")[0m
  ↳ db/migrate/20191127065622_create_join_table_categories_custom_emoji.rb:3
  [1m[36mActiveRecord::SchemaMigration Create (0.9ms)[0m  [1m[32mINSERT INTO "schema_migrations" ("version") VALUES ($1) RETURNING "version"[0m  [["version", "20191127065622"]]
  ↳ bin/rails:9
  [1m[35m (0.6ms)[0m  [1m[35mCOMMIT[0m
  ↳ bin/rails:9
  [1m[36mActiveRecord::InternalMetadata Load (0.8ms)[0m  [1m[34mSELECT  "ar_internal_metadata".* FROM "ar_internal_metadata" WHERE "ar_internal_metadata"."key" = $1 LIMIT $2[0m  [["key", "environment"], ["LIMIT", 1]]
  ↳ bin/rails:9
  [1m[35m (0.3ms)[0m  [1m[35mBEGIN[0m
  ↳ bin/rails:9
  [1m[36mActiveRecord::InternalMetadata Create (0.9ms)[0m  [1m[32mINSERT INTO "ar_internal_metadata" ("key", "value", "created_at", "updated_at") VALUES ($1, $2, $3, $4) RETURNING "key"[0m  [["key", "environment"], ["value", "development"], ["created_at", "2019-11-27 06:58:29.409661"], ["updated_at", "2019-11-27 06:58:29.409661"]]
  ↳ bin/rails:9
  [1m[35m (0.4ms)[0m  [1m[35mCOMMIT[0m
  ↳ bin/rails:9
  [1m[35m (0.2ms)[0m  [1m[34mSELECT pg_advisory_unlock(3036821713197963075)[0m
  ↳ bin/rails:9
  [1m[35m (0.2ms)[0m  [1m[34mSELECT "schema_migrations"."version" FROM "schema_migrations" ORDER BY "schema_migrations"."version" ASC[0m
  ↳ bin/rails:9
  [1m[35m (0.5ms)[0m  [1m[34mSELECT "schema_migrations"."version" FROM "schema_migrations" ORDER BY "schema_migrations"."version" ASC[0m
  ↳ bin/rails:9
  [1m[35m (0.3ms)[0m  [1m[34mSELECT "ar_internal_metadata"."value" FROM "ar_internal_metadata" WHERE "ar_internal_metadata"."key" = $1[0m  [["key", "environment"]]
  ↳ bin/rails:9
  [1m[35m (0.2ms)[0m  [1m[34mSELECT "schema_migrations"."version" FROM "schema_migrations" ORDER BY "schema_migrations"."version" ASC[0m
  ↳ bin/rails:9
  [1m[35m (0.1ms)[0m  [1m[34mSELECT "ar_internal_metadata"."value" FROM "ar_internal_metadata" WHERE "ar_internal_metadata"."key" = $1[0m  [["key", "environment"]]
  ↳ bin/rails:9
  [1m[35m (0.1ms)[0m  [1m[34mSELECT "schema_migrations"."version" FROM "schema_migrations" ORDER BY "schema_migrations"."version" ASC[0m
  ↳ bin/rails:9
  [1m[35m (0.1ms)[0m  [1m[34mSELECT "ar_internal_metadata"."value" FROM "ar_internal_metadata" WHERE "ar_internal_metadata"."key" = $1[0m  [["key", "environment"]]
  ↳ bin/rails:9
  [1m[35m (199.1ms)[0m  [1m[35mDROP DATABASE IF EXISTS "unrply_development"[0m
  ↳ bin/rails:9
  [1m[35m (193.7ms)[0m  [1m[35mDROP DATABASE IF EXISTS "unrply_test"[0m
  ↳ bin/rails:9
  [1m[35m (479.9ms)[0m  [1m[35mCREATE DATABASE "unrply_development" ENCODING = 'unicode'[0m
  ↳ bin/rails:9
  [1m[35m (389.6ms)[0m  [1m[35mCREATE DATABASE "unrply_test" ENCODING = 'unicode'[0m
  ↳ bin/rails:9
  [1m[35m (16.7ms)[0m  [1m[35mCREATE TABLE "schema_migrations" ("version" character varying NOT NULL PRIMARY KEY)[0m
  ↳ bin/rails:9
  [1m[35m (5.2ms)[0m  [1m[35mCREATE TABLE "ar_internal_metadata" ("key" character varying NOT NULL PRIMARY KEY, "value" character varying, "created_at" timestamp NOT NULL, "updated_at" timestamp NOT NULL)[0m
  ↳ bin/rails:9
  [1m[35m (0.3ms)[0m  [1m[34mSELECT pg_try_advisory_lock(3036821713197963075)[0m
  ↳ bin/rails:9
  [1m[35m (0.8ms)[0m  [1m[34mSELECT "schema_migrations"."version" FROM "schema_migrations" ORDER BY "schema_migrations"."version" ASC[0m
  ↳ bin/rails:9
Migrating to DeviseCreateUsers (20191127063208)
  [1m[35m (0.4ms)[0m  [1m[35mBEGIN[0m
  ↳ bin/rails:9
  [1m[35m (10.7ms)[0m  [1m[35mCREATE TABLE "users" ("id" bigserial primary key, "email" character varying DEFAULT '' NOT NULL, "encrypted_password" character varying DEFAULT '' NOT NULL, "reset_password_token" character varying, "reset_password_sent_at" timestamp, "remember_created_at" timestamp, "created_at" timestamp NOT NULL, "updated_at" timestamp NOT NULL)[0m
  ↳ db/migrate/20191127063208_devise_create_users.rb:5
  [1m[35m (1.1ms)[0m  [1m[35mCREATE UNIQUE INDEX  "index_users_on_email" ON "users"  ("email")[0m
  ↳ db/migrate/20191127063208_devise_create_users.rb:39
  [1m[35m (1.0ms)[0m  [1m[35mCREATE UNIQUE INDEX  "index_users_on_reset_password_token" ON "users"  ("reset_password_token")[0m
  ↳ db/migrate/20191127063208_devise_create_users.rb:40
  [1m[36mActiveRecord::SchemaMigration Create (0.6ms)[0m  [1m[32mINSERT INTO "schema_migrations" ("version") VALUES ($1) RETURNING "version"[0m  [["version", "20191127063208"]]
  ↳ bin/rails:9
  [1m[35m (0.6ms)[0m  [1m[35mCOMMIT[0m
  ↳ bin/rails:9
Migrating to CreateRooms (20191127064248)
  [1m[35m (0.6ms)[0m  [1m[35mBEGIN[0m
  ↳ bin/rails:9
  [1m[35m (7.7ms)[0m  [1m[35mCREATE TABLE "rooms" ("id" bigserial primary key, "owner_id" bigint, "access_code" character varying, "color" character varying, "created_at" timestamp NOT NULL, "updated_at" timestamp NOT NULL, CONSTRAINT "fk_rails_0704b8e2d2"
FOREIGN KEY ("owner_id")
  REFERENCES "users" ("id")
)[0m
  ↳ db/migrate/20191127064248_create_rooms.rb:3
  [1m[35m (1.1ms)[0m  [1m[35mCREATE  INDEX  "index_rooms_on_owner_id" ON "rooms"  ("owner_id")[0m
  ↳ db/migrate/20191127064248_create_rooms.rb:3
  [1m[36mActiveRecord::SchemaMigration Create (0.4ms)[0m  [1m[32mINSERT INTO "schema_migrations" ("version") VALUES ($1) RETURNING "version"[0m  [["version", "20191127064248"]]
  ↳ bin/rails:9
  [1m[35m (0.4ms)[0m  [1m[35mCOMMIT[0m
  ↳ bin/rails:9
Migrating to CreateMessages (20191127064642)
  [1m[35m (0.4ms)[0m  [1m[35mBEGIN[0m
  ↳ bin/rails:9
  [1m[35m (6.6ms)[0m  [1m[35mCREATE TABLE "messages" ("id" bigserial primary key, "content" character varying, "user_id" bigint, "room_id" bigint, "created_at" timestamp NOT NULL, "updated_at" timestamp NOT NULL, CONSTRAINT "fk_rails_273a25a7a6"
FOREIGN KEY ("user_id")
  REFERENCES "users" ("id")
, CONSTRAINT "fk_rails_a8db0fb63a"
FOREIGN KEY ("room_id")
  REFERENCES "rooms" ("id")
)[0m
  ↳ db/migrate/20191127064642_create_messages.rb:3
  [1m[35m (1.4ms)[0m  [1m[35mCREATE  INDEX  "index_messages_on_user_id" ON "messages"  ("user_id")[0m
  ↳ db/migrate/20191127064642_create_messages.rb:3
  [1m[35m (1.3ms)[0m  [1m[35mCREATE  INDEX  "index_messages_on_room_id" ON "messages"  ("room_id")[0m
  ↳ db/migrate/20191127064642_create_messages.rb:3
  [1m[36mActiveRecord::SchemaMigration Create (0.8ms)[0m  [1m[32mINSERT INTO "schema_migrations" ("version") VALUES ($1) RETURNING "version"[0m  [["version", "20191127064642"]]
  ↳ bin/rails:9
  [1m[35m (0.9ms)[0m  [1m[35mCOMMIT[0m
  ↳ bin/rails:9
Migrating to CreateRoomsUserSettings (20191127081735)
  [1m[35m (0.5ms)[0m  [1m[35mBEGIN[0m
  ↳ bin/rails:9
  [1m[35m (6.0ms)[0m  [1m[35mCREATE TABLE "rooms_user_settings" ("id" bigserial primary key, "room_id" bigint, "user_id" bigint, "nickname" character varying, "admin" boolean, "created_at" timestamp NOT NULL, "updated_at" timestamp NOT NULL, CONSTRAINT "fk_rails_973ec14bd9"
FOREIGN KEY ("room_id")
  REFERENCES "rooms" ("id")
, CONSTRAINT "fk_rails_5872850807"
FOREIGN KEY ("user_id")
  REFERENCES "users" ("id")
)[0m
  ↳ db/migrate/20191127081735_create_rooms_user_settings.rb:3
  [1m[35m (1.2ms)[0m  [1m[35mCREATE  INDEX  "index_rooms_user_settings_on_room_id" ON "rooms_user_settings"  ("room_id")[0m
  ↳ db/migrate/20191127081735_create_rooms_user_settings.rb:3
  [1m[35m (1.5ms)[0m  [1m[35mCREATE  INDEX  "index_rooms_user_settings_on_user_id" ON "rooms_user_settings"  ("user_id")[0m
  ↳ db/migrate/20191127081735_create_rooms_user_settings.rb:3
  [1m[36mActiveRecord::SchemaMigration Create (0.7ms)[0m  [1m[32mINSERT INTO "schema_migrations" ("version") VALUES ($1) RETURNING "version"[0m  [["version", "20191127081735"]]
  ↳ bin/rails:9
  [1m[35m (0.7ms)[0m  [1m[35mCOMMIT[0m
  ↳ bin/rails:9
Migrating to CreateEmojis (20191127081837)
  [1m[35m (0.5ms)[0m  [1m[35mBEGIN[0m
  ↳ bin/rails:9
  [1m[35m (4.3ms)[0m  [1m[35mCREATE TABLE "emojis" ("id" bigserial primary key, "code" character varying, "created_at" timestamp NOT NULL, "updated_at" timestamp NOT NULL)[0m
  ↳ db/migrate/20191127081837_create_emojis.rb:3
  [1m[36mActiveRecord::SchemaMigration Create (0.5ms)[0m  [1m[32mINSERT INTO "schema_migrations" ("version") VALUES ($1) RETURNING "version"[0m  [["version", "20191127081837"]]
  ↳ bin/rails:9
  [1m[35m (0.5ms)[0m  [1m[35mCOMMIT[0m
  ↳ bin/rails:9
Migrating to CreateCustomEmojis (20191127081902)
  [1m[35m (0.5ms)[0m  [1m[35mBEGIN[0m
  ↳ bin/rails:9
  [1m[35m (4.8ms)[0m  [1m[35mCREATE TABLE "custom_emojis" ("id" bigserial primary key, "code" character varying, "room_id" bigint, "created_at" timestamp NOT NULL, "updated_at" timestamp NOT NULL, CONSTRAINT "fk_rails_ab5068fbe8"
FOREIGN KEY ("room_id")
  REFERENCES "rooms" ("id")
)[0m
  ↳ db/migrate/20191127081902_create_custom_emojis.rb:3
  [1m[35m (1.0ms)[0m  [1m[35mCREATE  INDEX  "index_custom_emojis_on_room_id" ON "custom_emojis"  ("room_id")[0m
  ↳ db/migrate/20191127081902_create_custom_emojis.rb:3
  [1m[36mActiveRecord::SchemaMigration Create (0.4ms)[0m  [1m[32mINSERT INTO "schema_migrations" ("version") VALUES ($1) RETURNING "version"[0m  [["version", "20191127081902"]]
  ↳ bin/rails:9
  [1m[35m (0.5ms)[0m  [1m[35mCOMMIT[0m
  ↳ bin/rails:9
Migrating to CreateCategories (20191127081939)
  [1m[35m (0.5ms)[0m  [1m[35mBEGIN[0m
  ↳ bin/rails:9
  [1m[35m (4.3ms)[0m  [1m[35mCREATE TABLE "categories" ("id" bigserial primary key, "name" character varying, "created_at" timestamp NOT NULL, "updated_at" timestamp NOT NULL)[0m
  ↳ db/migrate/20191127081939_create_categories.rb:3
  [1m[36mActiveRecord::SchemaMigration Create (0.5ms)[0m  [1m[32mINSERT INTO "schema_migrations" ("version") VALUES ($1) RETURNING "version"[0m  [["version", "20191127081939"]]
  ↳ bin/rails:9
  [1m[35m (0.6ms)[0m  [1m[35mCOMMIT[0m
  ↳ bin/rails:9
Migrating to CreateTableCategoriesEmojis (20191127082821)
  [1m[35m (0.4ms)[0m  [1m[35mBEGIN[0m
  ↳ bin/rails:9
  [1m[35m (4.7ms)[0m  [1m[35mCREATE TABLE "table_categories_emojis" ("id" bigserial primary key, "category_id" bigint, "emojiable_type" character varying, "emojiable_id" bigint, CONSTRAINT "fk_rails_507fb44cf1"
FOREIGN KEY ("category_id")
  REFERENCES "categories" ("id")
)[0m
  ↳ db/migrate/20191127082821_create_table_categories_emojis.rb:3
  [1m[35m (1.2ms)[0m  [1m[35mCREATE  INDEX  "index_table_categories_emojis_on_category_id" ON "table_categories_emojis"  ("category_id")[0m
  ↳ db/migrate/20191127082821_create_table_categories_emojis.rb:3
  [1m[35m (2.4ms)[0m  [1m[31mROLLBACK[0m
  ↳ bin/rails:9
  [1m[35m (0.4ms)[0m  [1m[34mSELECT pg_advisory_unlock(3036821713197963075)[0m
  ↳ bin/rails:9
  [1m[35m (0.3ms)[0m  [1m[34mSELECT pg_try_advisory_lock(3036821713197963075)[0m
  ↳ bin/rails:9
  [1m[35m (0.8ms)[0m  [1m[34mSELECT "schema_migrations"."version" FROM "schema_migrations" ORDER BY "schema_migrations"."version" ASC[0m
  ↳ bin/rails:9
Migrating to CreateTableCategoriesEmojis (20191127082821)
  [1m[35m (0.3ms)[0m  [1m[35mBEGIN[0m
  ↳ bin/rails:9
  [1m[35m (14.8ms)[0m  [1m[35mCREATE TABLE "table_categories_emojis" ("id" bigserial primary key, "category_id" bigint, "emojiable_type" character varying, "emojiable_id" bigint, CONSTRAINT "fk_rails_507fb44cf1"
FOREIGN KEY ("category_id")
  REFERENCES "categories" ("id")
)[0m
  ↳ db/migrate/20191127082821_create_table_categories_emojis.rb:3
  [1m[35m (1.7ms)[0m  [1m[35mCREATE  INDEX  "index_table_categories_emojis_on_category_id" ON "table_categories_emojis"  ("category_id")[0m
  ↳ db/migrate/20191127082821_create_table_categories_emojis.rb:3
  [1m[35m (1.9ms)[0m  [1m[31mROLLBACK[0m
  ↳ bin/rails:9
  [1m[35m (0.3ms)[0m  [1m[34mSELECT pg_advisory_unlock(3036821713197963075)[0m
  ↳ bin/rails:9
  [1m[35m (0.3ms)[0m  [1m[34mSELECT pg_try_advisory_lock(3036821713197963075)[0m
  ↳ bin/rails:9
  [1m[35m (0.9ms)[0m  [1m[34mSELECT "schema_migrations"."version" FROM "schema_migrations" ORDER BY "schema_migrations"."version" ASC[0m
  ↳ bin/rails:9
Migrating to CreateTableCategoriesEmojis (20191127082821)
  [1m[35m (0.3ms)[0m  [1m[35mBEGIN[0m
  ↳ bin/rails:9
  [1m[35m (12.8ms)[0m  [1m[35mCREATE TABLE "table_categories_emojis" ("id" bigserial primary key, "category_id" bigint, "emojiable_type" character varying, "emojiable_id" bigint, CONSTRAINT "fk_rails_507fb44cf1"
FOREIGN KEY ("category_id")
  REFERENCES "categories" ("id")
)[0m
  ↳ db/migrate/20191127082821_create_table_categories_emojis.rb:3
  [1m[35m (1.2ms)[0m  [1m[35mCREATE  INDEX  "index_table_categories_emojis_on_category_id" ON "table_categories_emojis"  ("category_id")[0m
  ↳ db/migrate/20191127082821_create_table_categories_emojis.rb:3
  [1m[35m (2.1ms)[0m  [1m[31mROLLBACK[0m
  ↳ bin/rails:9
  [1m[35m (0.4ms)[0m  [1m[34mSELECT pg_advisory_unlock(3036821713197963075)[0m
  ↳ bin/rails:9
  [1m[35m (0.4ms)[0m  [1m[34mSELECT pg_try_advisory_lock(3036821713197963075)[0m
  ↳ bin/rails:9
  [1m[35m (0.8ms)[0m  [1m[34mSELECT "schema_migrations"."version" FROM "schema_migrations" ORDER BY "schema_migrations"."version" ASC[0m
  ↳ bin/rails:9
Migrating to CreateTableCategoriesEmojis (20191127082821)
  [1m[35m (0.3ms)[0m  [1m[35mBEGIN[0m
  ↳ bin/rails:9
  [1m[35m (14.6ms)[0m  [1m[35mCREATE TABLE "table_categories_emojis" ("id" bigserial primary key, "category_id" bigint, "emojiable_type" character varying, "emojiable_id" bigint, CONSTRAINT "fk_rails_507fb44cf1"
FOREIGN KEY ("category_id")
  REFERENCES "categories" ("id")
)[0m
  ↳ db/migrate/20191127082821_create_table_categories_emojis.rb:3
  [1m[35m (1.4ms)[0m  [1m[35mCREATE  INDEX  "index_table_categories_emojis_on_category_id" ON "table_categories_emojis"  ("category_id")[0m
  ↳ db/migrate/20191127082821_create_table_categories_emojis.rb:3
  [1m[35m (1.2ms)[0m  [1m[35mCREATE  INDEX  "emojiable" ON "table_categories_emojis"  ("emojiable_type", "emojiable_id")[0m
  ↳ db/migrate/20191127082821_create_table_categories_emojis.rb:3
  [1m[36mActiveRecord::SchemaMigration Create (0.5ms)[0m  [1m[32mINSERT INTO "schema_migrations" ("version") VALUES ($1) RETURNING "version"[0m  [["version", "20191127082821"]]
  ↳ bin/rails:9
  [1m[35m (0.6ms)[0m  [1m[35mCOMMIT[0m
  ↳ bin/rails:9
Migrating to CreateJoinTableEmojisRoom (20191127083041)
  [1m[35m (0.5ms)[0m  [1m[35mBEGIN[0m
  ↳ bin/rails:9
  [1m[35m (2.0ms)[0m  [1m[35mCREATE TABLE "emojis_rooms" ("emoji_id" bigint, "room_id" bigint, CONSTRAINT "fk_rails_ca8952240d"
FOREIGN KEY ("emoji_id")
  REFERENCES "emojis" ("id")
, CONSTRAINT "fk_rails_1785aacffe"
FOREIGN KEY ("room_id")
  REFERENCES "rooms" ("id")
)[0m
  ↳ db/migrate/20191127083041_create_join_table_emojis_room.rb:3
  [1m[35m (1.5ms)[0m  [1m[35mCREATE  INDEX  "index_emojis_rooms_on_emoji_id" ON "emojis_rooms"  ("emoji_id")[0m
  ↳ db/migrate/20191127083041_create_join_table_emojis_room.rb:3
  [1m[35m (1.4ms)[0m  [1m[35mCREATE  INDEX  "index_emojis_rooms_on_room_id" ON "emojis_rooms"  ("room_id")[0m
  ↳ db/migrate/20191127083041_create_join_table_emojis_room.rb:3
  [1m[36mActiveRecord::SchemaMigration Create (0.4ms)[0m  [1m[32mINSERT INTO "schema_migrations" ("version") VALUES ($1) RETURNING "version"[0m  [["version", "20191127083041"]]
  ↳ bin/rails:9
  [1m[35m (0.5ms)[0m  [1m[35mCOMMIT[0m
  ↳ bin/rails:9
Migrating to CreateReactions (20191127083128)
  [1m[35m (0.3ms)[0m  [1m[35mBEGIN[0m
  ↳ bin/rails:9
  [1m[35m (6.0ms)[0m  [1m[35mCREATE TABLE "reactions" ("id" bigserial primary key, "emojiable_type" character varying, "emojiable_id" bigint, "user_id" bigint, "message_id" bigint, "created_at" timestamp NOT NULL, "updated_at" timestamp NOT NULL, CONSTRAINT "fk_rails_9f02fc96a0"
FOREIGN KEY ("user_id")
  REFERENCES "users" ("id")
, CONSTRAINT "fk_rails_6bb5033c5f"
FOREIGN KEY ("message_id")
  REFERENCES "messages" ("id")
)[0m
  ↳ db/migrate/20191127083128_create_reactions.rb:3
  [1m[35m (1.5ms)[0m  [1m[35mCREATE  INDEX  "index_reactions_on_emojiable_type_and_emojiable_id" ON "reactions"  ("emojiable_type", "emojiable_id")[0m
  ↳ db/migrate/20191127083128_create_reactions.rb:3
  [1m[35m (1.8ms)[0m  [1m[35mCREATE  INDEX  "index_reactions_on_user_id" ON "reactions"  ("user_id")[0m
  ↳ db/migrate/20191127083128_create_reactions.rb:3
  [1m[35m (1.2ms)[0m  [1m[35mCREATE  INDEX  "index_reactions_on_message_id" ON "reactions"  ("message_id")[0m
  ↳ db/migrate/20191127083128_create_reactions.rb:3
  [1m[36mActiveRecord::SchemaMigration Create (0.4ms)[0m  [1m[32mINSERT INTO "schema_migrations" ("version") VALUES ($1) RETURNING "version"[0m  [["version", "20191127083128"]]
  ↳ bin/rails:9
  [1m[35m (0.7ms)[0m  [1m[35mCOMMIT[0m
  ↳ bin/rails:9
Migrating to CreateAchievements (20191127083228)
  [1m[35m (0.5ms)[0m  [1m[35mBEGIN[0m
  ↳ bin/rails:9
  [1m[35m (3.6ms)[0m  [1m[35mCREATE TABLE "achievements" ("id" bigserial primary key, "message" character varying, "created_at" timestamp NOT NULL, "updated_at" timestamp NOT NULL)[0m
  ↳ db/migrate/20191127083228_create_achievements.rb:3
  [1m[36mActiveRecord::SchemaMigration Create (0.7ms)[0m  [1m[32mINSERT INTO "schema_migrations" ("version") VALUES ($1) RETURNING "version"[0m  [["version", "20191127083228"]]
  ↳ bin/rails:9
  [1m[35m (0.7ms)[0m  [1m[35mCOMMIT[0m
  ↳ bin/rails:9
Migrating to CreateJoinTableAchievementsRoom (20191127083329)
  [1m[35m (0.5ms)[0m  [1m[35mBEGIN[0m
  ↳ bin/rails:9
  [1m[35m (2.2ms)[0m  [1m[35mCREATE TABLE "achievements_rooms" ("achievement_id" bigint, "room_id" bigint, CONSTRAINT "fk_rails_ee08e3c6c2"
FOREIGN KEY ("achievement_id")
  REFERENCES "achievements" ("id")
, CONSTRAINT "fk_rails_9c1f7d451c"
FOREIGN KEY ("room_id")
  REFERENCES "rooms" ("id")
)[0m
  ↳ db/migrate/20191127083329_create_join_table_achievements_room.rb:3
  [1m[35m (1.6ms)[0m  [1m[35mCREATE  INDEX  "index_achievements_rooms_on_achievement_id" ON "achievements_rooms"  ("achievement_id")[0m
  ↳ db/migrate/20191127083329_create_join_table_achievements_room.rb:3
  [1m[35m (1.3ms)[0m  [1m[35mCREATE  INDEX  "index_achievements_rooms_on_room_id" ON "achievements_rooms"  ("room_id")[0m
  ↳ db/migrate/20191127083329_create_join_table_achievements_room.rb:3
  [1m[36mActiveRecord::SchemaMigration Create (0.6ms)[0m  [1m[32mINSERT INTO "schema_migrations" ("version") VALUES ($1) RETURNING "version"[0m  [["version", "20191127083329"]]
  ↳ bin/rails:9
  [1m[35m (0.7ms)[0m  [1m[35mCOMMIT[0m
  ↳ bin/rails:9
Migrating to CreateTypingMessages (20191127083841)
  [1m[35m (0.4ms)[0m  [1m[35mBEGIN[0m
  ↳ bin/rails:9
  [1m[35m (5.1ms)[0m  [1m[35mCREATE TABLE "typing_messages" ("id" bigserial primary key, "user_id" bigint, "room_id" bigint, "message" character varying, "created_at" timestamp NOT NULL, "updated_at" timestamp NOT NULL, CONSTRAINT "fk_rails_427b7ee9e3"
FOREIGN KEY ("user_id")
  REFERENCES "users" ("id")
, CONSTRAINT "fk_rails_408617c23c"
FOREIGN KEY ("room_id")
  REFERENCES "rooms" ("id")
)[0m
  ↳ db/migrate/20191127083841_create_typing_messages.rb:3
  [1m[35m (1.6ms)[0m  [1m[35mCREATE  INDEX  "index_typing_messages_on_user_id" ON "typing_messages"  ("user_id")[0m
  ↳ db/migrate/20191127083841_create_typing_messages.rb:3
  [1m[35m (1.5ms)[0m  [1m[35mCREATE  INDEX  "index_typing_messages_on_room_id" ON "typing_messages"  ("room_id")[0m
  ↳ db/migrate/20191127083841_create_typing_messages.rb:3
  [1m[36mActiveRecord::SchemaMigration Create (0.5ms)[0m  [1m[32mINSERT INTO "schema_migrations" ("version") VALUES ($1) RETURNING "version"[0m  [["version", "20191127083841"]]
  ↳ bin/rails:9
  [1m[35m (0.7ms)[0m  [1m[35mCOMMIT[0m
  ↳ bin/rails:9
  [1m[36mActiveRecord::InternalMetadata Load (0.9ms)[0m  [1m[34mSELECT  "ar_internal_metadata".* FROM "ar_internal_metadata" WHERE "ar_internal_metadata"."key" = $1 LIMIT $2[0m  [["key", "environment"], ["LIMIT", 1]]
  ↳ bin/rails:9
  [1m[35m (0.3ms)[0m  [1m[35mBEGIN[0m
  ↳ bin/rails:9
  [1m[36mActiveRecord::InternalMetadata Create (0.6ms)[0m  [1m[32mINSERT INTO "ar_internal_metadata" ("key", "value", "created_at", "updated_at") VALUES ($1, $2, $3, $4) RETURNING "key"[0m  [["key", "environment"], ["value", "development"], ["created_at", "2019-11-27 08:45:38.242327"], ["updated_at", "2019-11-27 08:45:38.242327"]]
  ↳ bin/rails:9
  [1m[35m (0.4ms)[0m  [1m[35mCOMMIT[0m
  ↳ bin/rails:9
  [1m[35m (0.3ms)[0m  [1m[34mSELECT pg_advisory_unlock(3036821713197963075)[0m
  ↳ bin/rails:9
  [1m[35m (0.4ms)[0m  [1m[34mSELECT "schema_migrations"."version" FROM "schema_migrations" ORDER BY "schema_migrations"."version" ASC[0m
  ↳ bin/rails:9
